2022/09/03 23:28:53 ./testdata
2022/09/03 23:28:53 walking the path "./testdata"
2022/09/03 23:28:53 testdata/.gitkeep
2022/09/03 23:28:53 testdata/Cenas
2022/09/03 23:28:53 walking the path "testdata/Cenas"
2022/09/03 23:28:53 found project testdata/Cenas
2022/09/03 23:28:53 found stls heart v3.stl
2022/09/03 23:28:53 found stls heart.stl
2022/09/03 23:28:53 found stls smallheart_supportRequired_15x15mm.stl
2022/09/03 23:28:53 found stls smallheart_supportRequired_17x17mm.stl
2022/09/03 23:28:53 found stls smallheart_supportRequired_19x19mm.stl
2022/09/03 23:28:53 found stls smallheart_supportRequired_25x25mm.stl
2022/09/03 23:28:53 testdata/Cenas/.project.stlib
2022/09/03 23:28:53 testdata/Cenas/heart v3.stl
2022/09/03 23:28:53 testdata/Cenas/heart.stl
2022/09/03 23:28:53 testdata/Cenas/smallheart_supportRequired_15x15mm.stl
2022/09/03 23:28:53 testdata/Cenas/smallheart_supportRequired_17x17mm.stl
2022/09/03 23:28:53 testdata/Cenas/smallheart_supportRequired_19x19mm.stl
2022/09/03 23:28:53 testdata/Cenas/smallheart_supportRequired_25x25mm.stl
2022/09/03 23:28:53 testdata/Coisas
2022/09/03 23:28:53 walking the path "testdata/Coisas"
2022/09/03 23:28:53 found project testdata/Coisas
2022/09/03 23:28:53 found image IMG_20200731_210313 (1).jpg
2022/09/03 23:28:53 found image IMG_20200731_210313.jpg
2022/09/03 23:28:53 found image IMG_20220619_091631 (1).jpg
2022/09/03 23:28:53 found image IMG_20220619_091631 (2).jpg
2022/09/03 23:28:53 found image IMG_20220619_091631.jpg
2022/09/03 23:28:53 found stls heart v3.stl
2022/09/03 23:28:53 found stls heart.stl
2022/09/03 23:28:53 found stls smallheart_supportRequired_15x15mm.stl
2022/09/03 23:28:53 found stls smallheart_supportRequired_17x17mm.stl
2022/09/03 23:28:53 found stls smallheart_supportRequired_19x19mm.stl
2022/09/03 23:28:53 found stls smallheart_supportRequired_25x25mm.stl
2022/09/03 23:28:53 testdata/Coisas/.project.stlib
2022/09/03 23:28:53 testdata/Coisas/IMG_20200731_210313 (1).jpg
2022/09/03 23:28:53 testdata/Coisas/IMG_20200731_210313.jpg
2022/09/03 23:28:53 testdata/Coisas/IMG_20220619_091631 (1).jpg
2022/09/03 23:28:53 testdata/Coisas/IMG_20220619_091631 (2).jpg
2022/09/03 23:28:53 testdata/Coisas/IMG_20220619_091631.jpg
2022/09/03 23:28:53 testdata/Coisas/heart v3.stl
2022/09/03 23:28:53 testdata/Coisas/heart.stl
2022/09/03 23:28:53 testdata/Coisas/smallheart_supportRequired_15x15mm.stl
2022/09/03 23:28:53 testdata/Coisas/smallheart_supportRequired_17x17mm.stl
2022/09/03 23:28:53 testdata/Coisas/smallheart_supportRequired_19x19mm.stl
2022/09/03 23:28:53 testdata/Coisas/smallheart_supportRequired_25x25mm.stl
2022/09/03 23:28:53 testdata/Keys
2022/09/03 23:28:53 walking the path "testdata/Keys"
2022/09/03 23:28:53 testdata/Keys/Caps
2022/09/03 23:28:53 walking the path "testdata/Keys/Caps"
2022/09/03 23:28:53 found project testdata/Keys/Caps
2022/09/03 23:28:53 found stls keycap-chutuhlu.stl
2022/09/03 23:28:53 found stls keycap-finger.stl
2022/09/03 23:28:53 found stls keycap-forbidden.stl
2022/09/03 23:28:53 found stls keycap-guy.stl
2022/09/03 23:28:53 found stls keycap-tux.stl
2022/09/03 23:28:53 testdata/Keys/Caps/.project.stlib
2022/09/03 23:28:53 testdata/Keys/Caps/keycap-chutuhlu.stl
2022/09/03 23:28:53 testdata/Keys/Caps/keycap-finger.stl
2022/09/03 23:28:53 testdata/Keys/Caps/keycap-forbidden.stl
2022/09/03 23:28:53 testdata/Keys/Caps/keycap-guy.stl
2022/09/03 23:28:53 testdata/Keys/Caps/keycap-tux.stl
2022/09/03 23:28:53 testdata/Potato
2022/09/03 23:28:53 walking the path "testdata/Potato"
2022/09/03 23:28:53 testdata/Potato/Weee
2022/09/03 23:28:53 walking the path "testdata/Potato/Weee"
2022/09/03 23:28:53 testdata/Potato/Weee/bla
2022/09/03 23:28:53 walking the path "testdata/Potato/Weee/bla"
2022/09/03 23:28:53 found project testdata/Potato/Weee/bla
2022/09/03 23:28:53 found stls Arm_l.stl
2022/09/03 23:28:53 error loading the model "Arm_l.stl": open testdata/21878f60-f620-43d7-94a7-eb18d09b1994/Arm_l.stl: no such file or directory
2022/09/03 23:28:53 found stls Arm_r.stl
2022/09/03 23:28:53 error loading the model "Arm_r.stl": open testdata/21878f60-f620-43d7-94a7-eb18d09b1994/Arm_r.stl: no such file or directory
2022/09/03 23:28:53 found stls Body_1.stl
2022/09/03 23:28:53 error loading the model "Body_1.stl": open testdata/21878f60-f620-43d7-94a7-eb18d09b1994/Body_1.stl: no such file or directory
2022/09/03 23:28:53 found stls Body_2.stl
2022/09/03 23:28:53 error loading the model "Body_2.stl": open testdata/21878f60-f620-43d7-94a7-eb18d09b1994/Body_2.stl: no such file or directory
2022/09/03 23:28:53 found generic file Drago.fabbproject
2022/09/03 23:28:53 error loading the generic file "Drago.fabbproject": open testdata/21878f60-f620-43d7-94a7-eb18d09b1994/Drago.fabbproject: no such file or directory
2022/09/03 23:28:53 found stls Dragon Arm_l correct scale.stl
2022/09/03 23:28:53 error loading the model "Dragon Arm_l correct scale.stl": open testdata/21878f60-f620-43d7-94a7-eb18d09b1994/Dragon Arm_l correct scale.stl: no such file or directory
2022/09/03 23:28:53 found stls Dragon Arm_r correct scale.stl
2022/09/03 23:28:53 error loading the model "Dragon Arm_r correct scale.stl": open testdata/21878f60-f620-43d7-94a7-eb18d09b1994/Dragon Arm_r correct scale.stl: no such file or directory
2022/09/03 23:28:53 found stls Dragon Body_1 better fit with wings.stl
2022/09/03 23:28:53 error loading the model "Dragon Body_1 better fit with wings.stl": open testdata/21878f60-f620-43d7-94a7-eb18d09b1994/Dragon Body_1 better fit with wings.stl: no such file or directory
2022/09/03 23:28:53 found generic file Dragon Tiefling.7z
2022/09/03 23:28:53 error loading the generic file "Dragon Tiefling.7z": open testdata/21878f60-f620-43d7-94a7-eb18d09b1994/Dragon Tiefling.7z: no such file or directory
2022/09/03 23:28:53 found stls Enchanted_sword.stl
2022/09/03 23:28:53 error loading the model "Enchanted_sword.stl": open testdata/21878f60-f620-43d7-94a7-eb18d09b1994/Enchanted_sword.stl: no such file or directory
2022/09/03 23:28:53 found generic file FIXED DRAGON PARTS.txt
2022/09/03 23:28:53 error loading the generic file "FIXED DRAGON PARTS.txt": open testdata/21878f60-f620-43d7-94a7-eb18d09b1994/FIXED DRAGON PARTS.txt: no such file or directory
2022/09/03 23:28:53 found generic file Female Tieflings.7z
2022/09/03 23:28:53 error loading the generic file "Female Tieflings.7z": open testdata/21878f60-f620-43d7-94a7-eb18d09b1994/Female Tieflings.7z: no such file or directory
2022/09/03 23:28:53 found image Ghamak Fantasy September2019 Tieflings.jpg
2022/09/03 23:28:53 error loading the image "Ghamak Fantasy September2019 Tieflings.jpg": open testdata/21878f60-f620-43d7-94a7-eb18d09b1994/Ghamak Fantasy September2019 Tieflings.jpg: no such file or directory
2022/09/03 23:28:53 found stls Hand_right.stl
2022/09/03 23:28:53 error loading the model "Hand_right.stl": open testdata/21878f60-f620-43d7-94a7-eb18d09b1994/Hand_right.stl: no such file or directory
2022/09/03 23:28:53 found stls Head.stl
2022/09/03 23:28:53 error loading the model "Head.stl": open testdata/21878f60-f620-43d7-94a7-eb18d09b1994/Head.stl: no such file or directory
2022/09/03 23:28:53 found stls Left_hand.stl
2022/09/03 23:28:53 error loading the model "Left_hand.stl": open testdata/21878f60-f620-43d7-94a7-eb18d09b1994/Left_hand.stl: no such file or directory
2022/09/03 23:28:53 found generic file Male Tieflings.7z
2022/09/03 23:28:53 error loading the generic file "Male Tieflings.7z": open testdata/21878f60-f620-43d7-94a7-eb18d09b1994/Male Tieflings.7z: no such file or directory
2022/09/03 23:28:53 found stls Ninja_sword_1.stl
2022/09/03 23:28:53 error loading the model "Ninja_sword_1.stl": open testdata/21878f60-f620-43d7-94a7-eb18d09b1994/Ninja_sword_1.stl: no such file or directory
2022/09/03 23:28:53 found stls Ninja_sword_2.stl
2022/09/03 23:28:53 error loading the model "Ninja_sword_2.stl": open testdata/21878f60-f620-43d7-94a7-eb18d09b1994/Ninja_sword_2.stl: no such file or directory
2022/09/03 23:28:53 found stls Pointing_finger.stl
2022/09/03 23:28:53 error loading the model "Pointing_finger.stl": open testdata/21878f60-f620-43d7-94a7-eb18d09b1994/Pointing_finger.stl: no such file or directory
2022/09/03 23:28:53 found stls Pole_hand.stl
2022/09/03 23:28:53 error loading the model "Pole_hand.stl": open testdata/21878f60-f620-43d7-94a7-eb18d09b1994/Pole_hand.stl: no such file or directory
2022/09/03 23:28:53 found generic file Read Me(1).txt
2022/09/03 23:28:53 error loading the generic file "Read Me(1).txt": open testdata/21878f60-f620-43d7-94a7-eb18d09b1994/Read Me(1).txt: no such file or directory
2022/09/03 23:28:53 found stls Rider.stl
2022/09/03 23:28:53 error loading the model "Rider.stl": open testdata/21878f60-f620-43d7-94a7-eb18d09b1994/Rider.stl: no such file or directory
2022/09/03 23:28:53 found stls Rider_tail.stl
2022/09/03 23:28:53 error loading the model "Rider_tail.stl": open testdata/21878f60-f620-43d7-94a7-eb18d09b1994/Rider_tail.stl: no such file or directory
2022/09/03 23:28:53 found stls Right_hand.stl
2022/09/03 23:28:53 error loading the model "Right_hand.stl": open testdata/21878f60-f620-43d7-94a7-eb18d09b1994/Right_hand.stl: no such file or directory
2022/09/03 23:28:53 found stls Shor_ash_sword.stl
2022/09/03 23:28:53 error loading the model "Shor_ash_sword.stl": open testdata/21878f60-f620-43d7-94a7-eb18d09b1994/Shor_ash_sword.stl: no such file or directory
2022/09/03 23:28:53 found stls Skulls_hand.stl
2022/09/03 23:28:53 error loading the model "Skulls_hand.stl": open testdata/21878f60-f620-43d7-94a7-eb18d09b1994/Skulls_hand.stl: no such file or directory
2022/09/03 23:28:53 found stls Tail.stl
2022/09/03 23:28:53 error loading the model "Tail.stl": open testdata/21878f60-f620-43d7-94a7-eb18d09b1994/Tail.stl: no such file or directory
2022/09/03 23:28:53 found stls Tief_Female_rogue_tail.stl
2022/09/03 23:28:53 error loading the model "Tief_Female_rogue_tail.stl": open testdata/21878f60-f620-43d7-94a7-eb18d09b1994/Tief_Female_rogue_tail.stl: no such file or directory
2022/09/03 23:28:53 found stls Tief_ash_blade.stl
2022/09/03 23:28:53 error loading the model "Tief_ash_blade.stl": open testdata/21878f60-f620-43d7-94a7-eb18d09b1994/Tief_ash_blade.stl: no such file or directory
2022/09/03 23:28:53 found stls Tief_axe.stl
2022/09/03 23:28:53 error loading the model "Tief_axe.stl": open testdata/21878f60-f620-43d7-94a7-eb18d09b1994/Tief_axe.stl: no such file or directory
2022/09/03 23:28:53 found stls Tief_female_rogue.stl
2022/09/03 23:28:53 error loading the model "Tief_female_rogue.stl": open testdata/21878f60-f620-43d7-94a7-eb18d09b1994/Tief_female_rogue.stl: no such file or directory
2022/09/03 23:28:53 found stls Tief_female_sword_1.stl
2022/09/03 23:28:53 error loading the model "Tief_female_sword_1.stl": open testdata/21878f60-f620-43d7-94a7-eb18d09b1994/Tief_female_sword_1.stl: no such file or directory
2022/09/03 23:28:53 found stls Tief_female_sword_2.stl
2022/09/03 23:28:53 error loading the model "Tief_female_sword_2.stl": open testdata/21878f60-f620-43d7-94a7-eb18d09b1994/Tief_female_sword_2.stl: no such file or directory
2022/09/03 23:28:53 found stls Tief_female_sword_3.stl
2022/09/03 23:28:53 error loading the model "Tief_female_sword_3.stl": open testdata/21878f60-f620-43d7-94a7-eb18d09b1994/Tief_female_sword_3.stl: no such file or directory
2022/09/03 23:28:53 found stls Tief_fighter_male.stl
2022/09/03 23:28:53 error loading the model "Tief_fighter_male.stl": open testdata/21878f60-f620-43d7-94a7-eb18d09b1994/Tief_fighter_male.stl: no such file or directory
2022/09/03 23:28:53 found stls Tief_fighter_male_tail.stl
2022/09/03 23:28:53 error loading the model "Tief_fighter_male_tail.stl": open testdata/21878f60-f620-43d7-94a7-eb18d09b1994/Tief_fighter_male_tail.stl: no such file or directory
2022/09/03 23:28:53 found stls Tief_male_tail.stl
2022/09/03 23:28:53 error loading the model "Tief_male_tail.stl": open testdata/21878f60-f620-43d7-94a7-eb18d09b1994/Tief_male_tail.stl: no such file or directory
2022/09/03 23:28:53 found stls Tief_stick_1.stl
2022/09/03 23:28:53 error loading the model "Tief_stick_1.stl": open testdata/21878f60-f620-43d7-94a7-eb18d09b1994/Tief_stick_1.stl: no such file or directory
2022/09/03 23:28:53 found stls Tief_warlock_female_tail.stl
2022/09/03 23:28:53 error loading the model "Tief_warlock_female_tail.stl": open testdata/21878f60-f620-43d7-94a7-eb18d09b1994/Tief_warlock_female_tail.stl: no such file or directory
2022/09/03 23:28:53 found stls Tief_warlock_sorc_female.stl
2022/09/03 23:28:53 error loading the model "Tief_warlock_sorc_female.stl": open testdata/21878f60-f620-43d7-94a7-eb18d09b1994/Tief_warlock_sorc_female.stl: no such file or directory
2022/09/03 23:28:53 found stls Tiefli_male_warlock_wizard.stl
2022/09/03 23:28:53 error loading the model "Tiefli_male_warlock_wizard.stl": open testdata/21878f60-f620-43d7-94a7-eb18d09b1994/Tiefli_male_warlock_wizard.stl: no such file or directory
2022/09/03 23:28:53 found stls Tiefling_female_FIGHTER1.stl
2022/09/03 23:28:53 error loading the model "Tiefling_female_FIGHTER1.stl": open testdata/21878f60-f620-43d7-94a7-eb18d09b1994/Tiefling_female_FIGHTER1.stl: no such file or directory
2022/09/03 23:28:53 found stls Tiefling_female_FIGHTER_tail.stl
2022/09/03 23:28:53 error loading the model "Tiefling_female_FIGHTER_tail.stl": open testdata/21878f60-f620-43d7-94a7-eb18d09b1994/Tiefling_female_FIGHTER_tail.stl: no such file or directory
2022/09/03 23:28:53 found stls Tiefling_male_rogue.stl
2022/09/03 23:28:53 error loading the model "Tiefling_male_rogue.stl": open testdata/21878f60-f620-43d7-94a7-eb18d09b1994/Tiefling_male_rogue.stl: no such file or directory
2022/09/03 23:28:53 found generic file Weapons with Hand.7z
2022/09/03 23:28:53 error loading the generic file "Weapons with Hand.7z": open testdata/21878f60-f620-43d7-94a7-eb18d09b1994/Weapons with Hand.7z: no such file or directory
2022/09/03 23:28:53 found stls Wing_1.stl
2022/09/03 23:28:53 error loading the model "Wing_1.stl": open testdata/21878f60-f620-43d7-94a7-eb18d09b1994/Wing_1.stl: no such file or directory
2022/09/03 23:28:53 found stls Wing_2.stl
2022/09/03 23:28:53 error loading the model "Wing_2.stl": open testdata/21878f60-f620-43d7-94a7-eb18d09b1994/Wing_2.stl: no such file or directory
2022/09/03 23:28:53 open testdata/21878f60-f620-43d7-94a7-eb18d09b1994/.project.stlib: no such file or directory
2022/09/03 23:28:53 invalid argument
2022/09/03 23:28:53 invalid argument
2022/09/03 23:28:53 error persisting the project "testdata/Potato/Weee/bla": open testdata/21878f60-f620-43d7-94a7-eb18d09b1994/.project.stlib: no such file or directory
2022/09/03 23:28:53 Starting 10 render workers
2022/09/03 23:52:04 ./testdata
2022/09/03 23:52:04 walking the path "./testdata"
2022/09/03 23:52:04 testdata/.gitkeep
2022/09/03 23:52:04 testdata/Cenas
2022/09/03 23:52:04 walking the path "testdata/Cenas"
2022/09/03 23:52:04 found project testdata/Cenas
2022/09/03 23:52:04 found stls heart v3.stl
2022/09/03 23:52:04 found stls heart.stl
2022/09/03 23:52:04 found stls smallheart_supportRequired_15x15mm.stl
2022/09/03 23:52:05 found stls smallheart_supportRequired_17x17mm.stl
2022/09/03 23:52:05 found stls smallheart_supportRequired_19x19mm.stl
2022/09/03 23:52:05 found stls smallheart_supportRequired_25x25mm.stl
2022/09/03 23:52:05 testdata/Cenas/.project.stlib
2022/09/03 23:52:05 testdata/Cenas/heart v3.stl
2022/09/03 23:52:05 testdata/Cenas/heart.stl
2022/09/03 23:52:05 testdata/Cenas/smallheart_supportRequired_15x15mm.stl
2022/09/03 23:52:05 testdata/Cenas/smallheart_supportRequired_17x17mm.stl
2022/09/03 23:52:05 testdata/Cenas/smallheart_supportRequired_19x19mm.stl
2022/09/03 23:52:05 testdata/Cenas/smallheart_supportRequired_25x25mm.stl
2022/09/03 23:52:05 testdata/Coisas
2022/09/03 23:52:05 walking the path "testdata/Coisas"
2022/09/03 23:52:05 found project testdata/Coisas
2022/09/03 23:52:05 found image IMG_20200731_210313 (1).jpg
2022/09/03 23:52:05 found image IMG_20200731_210313.jpg
2022/09/03 23:52:05 found image IMG_20220619_091631 (1).jpg
2022/09/03 23:52:05 found image IMG_20220619_091631 (2).jpg
2022/09/03 23:52:05 found image IMG_20220619_091631.jpg
2022/09/03 23:52:05 found stls heart v3.stl
2022/09/03 23:52:05 found stls heart.stl
2022/09/03 23:52:05 found stls smallheart_supportRequired_15x15mm.stl
2022/09/03 23:52:05 found stls smallheart_supportRequired_17x17mm.stl
2022/09/03 23:52:05 found stls smallheart_supportRequired_19x19mm.stl
2022/09/03 23:52:05 found stls smallheart_supportRequired_25x25mm.stl
2022/09/03 23:52:05 testdata/Coisas/.project.stlib
2022/09/03 23:52:05 testdata/Coisas/IMG_20200731_210313 (1).jpg
2022/09/03 23:52:05 testdata/Coisas/IMG_20200731_210313.jpg
2022/09/03 23:52:05 testdata/Coisas/IMG_20220619_091631 (1).jpg
2022/09/03 23:52:05 testdata/Coisas/IMG_20220619_091631 (2).jpg
2022/09/03 23:52:05 testdata/Coisas/IMG_20220619_091631.jpg
2022/09/03 23:52:05 testdata/Coisas/heart v3.stl
2022/09/03 23:52:05 testdata/Coisas/heart.stl
2022/09/03 23:52:05 testdata/Coisas/smallheart_supportRequired_15x15mm.stl
2022/09/03 23:52:05 testdata/Coisas/smallheart_supportRequired_17x17mm.stl
2022/09/03 23:52:05 testdata/Coisas/smallheart_supportRequired_19x19mm.stl
2022/09/03 23:52:05 testdata/Coisas/smallheart_supportRequired_25x25mm.stl
2022/09/03 23:52:05 testdata/Keys
2022/09/03 23:52:05 walking the path "testdata/Keys"
2022/09/03 23:52:05 testdata/Keys/Caps
2022/09/03 23:52:05 walking the path "testdata/Keys/Caps"
2022/09/03 23:52:05 found project testdata/Keys/Caps
2022/09/03 23:52:05 found stls keycap-chutuhlu.stl
2022/09/03 23:52:05 found stls keycap-finger.stl
2022/09/03 23:52:05 found stls keycap-forbidden.stl
2022/09/03 23:52:05 found stls keycap-guy.stl
2022/09/03 23:52:05 found stls keycap-tux.stl
2022/09/03 23:52:05 testdata/Keys/Caps/.project.stlib
2022/09/03 23:52:05 testdata/Keys/Caps/keycap-chutuhlu.stl
2022/09/03 23:52:05 testdata/Keys/Caps/keycap-finger.stl
2022/09/03 23:52:05 testdata/Keys/Caps/keycap-forbidden.stl
2022/09/03 23:52:05 testdata/Keys/Caps/keycap-guy.stl
2022/09/03 23:52:05 testdata/Keys/Caps/keycap-tux.stl
2022/09/03 23:52:05 testdata/Potato
2022/09/03 23:52:05 walking the path "testdata/Potato"
2022/09/03 23:52:05 testdata/Potato/Weee
2022/09/03 23:52:05 walking the path "testdata/Potato/Weee"
2022/09/03 23:52:05 testdata/Potato/Weee/bla
2022/09/03 23:52:05 walking the path "testdata/Potato/Weee/bla"
2022/09/03 23:52:05 found project testdata/Potato/Weee/bla
2022/09/03 23:52:05 found stls Arm_l.stl
2022/09/03 23:52:05 error loading the model "Arm_l.stl": open testdata/21878f60-f620-43d7-94a7-eb18d09b1994/Arm_l.stl: no such file or directory
2022/09/03 23:52:05 found stls Arm_r.stl
2022/09/03 23:52:05 error loading the model "Arm_r.stl": open testdata/21878f60-f620-43d7-94a7-eb18d09b1994/Arm_r.stl: no such file or directory
2022/09/03 23:52:05 found stls Body_1.stl
2022/09/03 23:52:05 error loading the model "Body_1.stl": open testdata/21878f60-f620-43d7-94a7-eb18d09b1994/Body_1.stl: no such file or directory
2022/09/03 23:52:05 found stls Body_2.stl
2022/09/03 23:52:05 error loading the model "Body_2.stl": open testdata/21878f60-f620-43d7-94a7-eb18d09b1994/Body_2.stl: no such file or directory
2022/09/03 23:52:05 found generic file Drago.fabbproject
2022/09/03 23:52:05 error loading the generic file "Drago.fabbproject": open testdata/21878f60-f620-43d7-94a7-eb18d09b1994/Drago.fabbproject: no such file or directory
2022/09/03 23:52:05 found stls Dragon Arm_l correct scale.stl
2022/09/03 23:52:05 error loading the model "Dragon Arm_l correct scale.stl": open testdata/21878f60-f620-43d7-94a7-eb18d09b1994/Dragon Arm_l correct scale.stl: no such file or directory
2022/09/03 23:52:05 found stls Dragon Arm_r correct scale.stl
2022/09/03 23:52:05 error loading the model "Dragon Arm_r correct scale.stl": open testdata/21878f60-f620-43d7-94a7-eb18d09b1994/Dragon Arm_r correct scale.stl: no such file or directory
2022/09/03 23:52:05 found stls Dragon Body_1 better fit with wings.stl
2022/09/03 23:52:05 error loading the model "Dragon Body_1 better fit with wings.stl": open testdata/21878f60-f620-43d7-94a7-eb18d09b1994/Dragon Body_1 better fit with wings.stl: no such file or directory
2022/09/03 23:52:05 found generic file Dragon Tiefling.7z
2022/09/03 23:52:05 error loading the generic file "Dragon Tiefling.7z": open testdata/21878f60-f620-43d7-94a7-eb18d09b1994/Dragon Tiefling.7z: no such file or directory
2022/09/03 23:52:05 found stls Enchanted_sword.stl
2022/09/03 23:52:05 error loading the model "Enchanted_sword.stl": open testdata/21878f60-f620-43d7-94a7-eb18d09b1994/Enchanted_sword.stl: no such file or directory
2022/09/03 23:52:05 found generic file FIXED DRAGON PARTS.txt
2022/09/03 23:52:05 error loading the generic file "FIXED DRAGON PARTS.txt": open testdata/21878f60-f620-43d7-94a7-eb18d09b1994/FIXED DRAGON PARTS.txt: no such file or directory
2022/09/03 23:52:05 found generic file Female Tieflings.7z
2022/09/03 23:52:05 error loading the generic file "Female Tieflings.7z": open testdata/21878f60-f620-43d7-94a7-eb18d09b1994/Female Tieflings.7z: no such file or directory
2022/09/03 23:52:05 found image Ghamak Fantasy September2019 Tieflings.jpg
2022/09/03 23:52:05 error loading the image "Ghamak Fantasy September2019 Tieflings.jpg": open testdata/21878f60-f620-43d7-94a7-eb18d09b1994/Ghamak Fantasy September2019 Tieflings.jpg: no such file or directory
2022/09/03 23:52:05 found stls Hand_right.stl
2022/09/03 23:52:05 error loading the model "Hand_right.stl": open testdata/21878f60-f620-43d7-94a7-eb18d09b1994/Hand_right.stl: no such file or directory
2022/09/03 23:52:05 found stls Head.stl
2022/09/03 23:52:05 error loading the model "Head.stl": open testdata/21878f60-f620-43d7-94a7-eb18d09b1994/Head.stl: no such file or directory
2022/09/03 23:52:05 found stls Left_hand.stl
2022/09/03 23:52:05 error loading the model "Left_hand.stl": open testdata/21878f60-f620-43d7-94a7-eb18d09b1994/Left_hand.stl: no such file or directory
2022/09/03 23:52:05 found generic file Male Tieflings.7z
2022/09/03 23:52:05 error loading the generic file "Male Tieflings.7z": open testdata/21878f60-f620-43d7-94a7-eb18d09b1994/Male Tieflings.7z: no such file or directory
2022/09/03 23:52:05 found stls Ninja_sword_1.stl
2022/09/03 23:52:05 error loading the model "Ninja_sword_1.stl": open testdata/21878f60-f620-43d7-94a7-eb18d09b1994/Ninja_sword_1.stl: no such file or directory
2022/09/03 23:52:05 found stls Ninja_sword_2.stl
2022/09/03 23:52:05 error loading the model "Ninja_sword_2.stl": open testdata/21878f60-f620-43d7-94a7-eb18d09b1994/Ninja_sword_2.stl: no such file or directory
2022/09/03 23:52:05 found stls Pointing_finger.stl
2022/09/03 23:52:05 error loading the model "Pointing_finger.stl": open testdata/21878f60-f620-43d7-94a7-eb18d09b1994/Pointing_finger.stl: no such file or directory
2022/09/03 23:52:05 found stls Pole_hand.stl
2022/09/03 23:52:05 error loading the model "Pole_hand.stl": open testdata/21878f60-f620-43d7-94a7-eb18d09b1994/Pole_hand.stl: no such file or directory
2022/09/03 23:52:05 found generic file Read Me(1).txt
2022/09/03 23:52:05 error loading the generic file "Read Me(1).txt": open testdata/21878f60-f620-43d7-94a7-eb18d09b1994/Read Me(1).txt: no such file or directory
2022/09/03 23:52:05 found stls Rider.stl
2022/09/03 23:52:05 error loading the model "Rider.stl": open testdata/21878f60-f620-43d7-94a7-eb18d09b1994/Rider.stl: no such file or directory
2022/09/03 23:52:05 found stls Rider_tail.stl
2022/09/03 23:52:05 error loading the model "Rider_tail.stl": open testdata/21878f60-f620-43d7-94a7-eb18d09b1994/Rider_tail.stl: no such file or directory
2022/09/03 23:52:05 found stls Right_hand.stl
2022/09/03 23:52:05 error loading the model "Right_hand.stl": open testdata/21878f60-f620-43d7-94a7-eb18d09b1994/Right_hand.stl: no such file or directory
2022/09/03 23:52:05 found stls Shor_ash_sword.stl
2022/09/03 23:52:05 error loading the model "Shor_ash_sword.stl": open testdata/21878f60-f620-43d7-94a7-eb18d09b1994/Shor_ash_sword.stl: no such file or directory
2022/09/03 23:52:05 found stls Skulls_hand.stl
2022/09/03 23:52:05 error loading the model "Skulls_hand.stl": open testdata/21878f60-f620-43d7-94a7-eb18d09b1994/Skulls_hand.stl: no such file or directory
2022/09/03 23:52:05 found stls Tail.stl
2022/09/03 23:52:05 error loading the model "Tail.stl": open testdata/21878f60-f620-43d7-94a7-eb18d09b1994/Tail.stl: no such file or directory
2022/09/03 23:52:05 found stls Tief_Female_rogue_tail.stl
2022/09/03 23:52:05 error loading the model "Tief_Female_rogue_tail.stl": open testdata/21878f60-f620-43d7-94a7-eb18d09b1994/Tief_Female_rogue_tail.stl: no such file or directory
2022/09/03 23:52:05 found stls Tief_ash_blade.stl
2022/09/03 23:52:05 error loading the model "Tief_ash_blade.stl": open testdata/21878f60-f620-43d7-94a7-eb18d09b1994/Tief_ash_blade.stl: no such file or directory
2022/09/03 23:52:05 found stls Tief_axe.stl
2022/09/03 23:52:05 error loading the model "Tief_axe.stl": open testdata/21878f60-f620-43d7-94a7-eb18d09b1994/Tief_axe.stl: no such file or directory
2022/09/03 23:52:05 found stls Tief_female_rogue.stl
2022/09/03 23:52:05 error loading the model "Tief_female_rogue.stl": open testdata/21878f60-f620-43d7-94a7-eb18d09b1994/Tief_female_rogue.stl: no such file or directory
2022/09/03 23:52:05 found stls Tief_female_sword_1.stl
2022/09/03 23:52:05 error loading the model "Tief_female_sword_1.stl": open testdata/21878f60-f620-43d7-94a7-eb18d09b1994/Tief_female_sword_1.stl: no such file or directory
2022/09/03 23:52:05 found stls Tief_female_sword_2.stl
2022/09/03 23:52:05 error loading the model "Tief_female_sword_2.stl": open testdata/21878f60-f620-43d7-94a7-eb18d09b1994/Tief_female_sword_2.stl: no such file or directory
2022/09/03 23:52:05 found stls Tief_female_sword_3.stl
2022/09/03 23:52:05 error loading the model "Tief_female_sword_3.stl": open testdata/21878f60-f620-43d7-94a7-eb18d09b1994/Tief_female_sword_3.stl: no such file or directory
2022/09/03 23:52:05 found stls Tief_fighter_male.stl
2022/09/03 23:52:05 error loading the model "Tief_fighter_male.stl": open testdata/21878f60-f620-43d7-94a7-eb18d09b1994/Tief_fighter_male.stl: no such file or directory
2022/09/03 23:52:05 found stls Tief_fighter_male_tail.stl
2022/09/03 23:52:05 error loading the model "Tief_fighter_male_tail.stl": open testdata/21878f60-f620-43d7-94a7-eb18d09b1994/Tief_fighter_male_tail.stl: no such file or directory
2022/09/03 23:52:05 found stls Tief_male_tail.stl
2022/09/03 23:52:05 error loading the model "Tief_male_tail.stl": open testdata/21878f60-f620-43d7-94a7-eb18d09b1994/Tief_male_tail.stl: no such file or directory
2022/09/03 23:52:05 found stls Tief_stick_1.stl
2022/09/03 23:52:05 error loading the model "Tief_stick_1.stl": open testdata/21878f60-f620-43d7-94a7-eb18d09b1994/Tief_stick_1.stl: no such file or directory
2022/09/03 23:52:05 found stls Tief_warlock_female_tail.stl
2022/09/03 23:52:05 error loading the model "Tief_warlock_female_tail.stl": open testdata/21878f60-f620-43d7-94a7-eb18d09b1994/Tief_warlock_female_tail.stl: no such file or directory
2022/09/03 23:52:05 found stls Tief_warlock_sorc_female.stl
2022/09/03 23:52:05 error loading the model "Tief_warlock_sorc_female.stl": open testdata/21878f60-f620-43d7-94a7-eb18d09b1994/Tief_warlock_sorc_female.stl: no such file or directory
2022/09/03 23:52:05 found stls Tiefli_male_warlock_wizard.stl
2022/09/03 23:52:05 error loading the model "Tiefli_male_warlock_wizard.stl": open testdata/21878f60-f620-43d7-94a7-eb18d09b1994/Tiefli_male_warlock_wizard.stl: no such file or directory
2022/09/03 23:52:05 found stls Tiefling_female_FIGHTER1.stl
2022/09/03 23:52:05 error loading the model "Tiefling_female_FIGHTER1.stl": open testdata/21878f60-f620-43d7-94a7-eb18d09b1994/Tiefling_female_FIGHTER1.stl: no such file or directory
2022/09/03 23:52:05 found stls Tiefling_female_FIGHTER_tail.stl
2022/09/03 23:52:05 error loading the model "Tiefling_female_FIGHTER_tail.stl": open testdata/21878f60-f620-43d7-94a7-eb18d09b1994/Tiefling_female_FIGHTER_tail.stl: no such file or directory
2022/09/03 23:52:05 found stls Tiefling_male_rogue.stl
2022/09/03 23:52:05 error loading the model "Tiefling_male_rogue.stl": open testdata/21878f60-f620-43d7-94a7-eb18d09b1994/Tiefling_male_rogue.stl: no such file or directory
2022/09/03 23:52:05 found generic file Weapons with Hand.7z
2022/09/03 23:52:05 error loading the generic file "Weapons with Hand.7z": open testdata/21878f60-f620-43d7-94a7-eb18d09b1994/Weapons with Hand.7z: no such file or directory
2022/09/03 23:52:05 found stls Wing_1.stl
2022/09/03 23:52:05 error loading the model "Wing_1.stl": open testdata/21878f60-f620-43d7-94a7-eb18d09b1994/Wing_1.stl: no such file or directory
2022/09/03 23:52:05 found stls Wing_2.stl
2022/09/03 23:52:05 error loading the model "Wing_2.stl": open testdata/21878f60-f620-43d7-94a7-eb18d09b1994/Wing_2.stl: no such file or directory
2022/09/03 23:52:05 open testdata/21878f60-f620-43d7-94a7-eb18d09b1994/.project.stlib: no such file or directory
2022/09/03 23:52:05 invalid argument
2022/09/03 23:52:05 invalid argument
2022/09/03 23:52:05 error persisting the project "testdata/Potato/Weee/bla": open testdata/21878f60-f620-43d7-94a7-eb18d09b1994/.project.stlib: no such file or directory
2022/09/03 23:52:05 Starting 10 render workers
2022/09/04 10:24:34 ./testdata
2022/09/04 10:24:34 walking the path "./testdata"
2022/09/04 10:24:34 testdata/.gitkeep
2022/09/04 10:24:34 testdata/Cenas
2022/09/04 10:24:34 walking the path "testdata/Cenas"
2022/09/04 10:24:34 found project testdata/Cenas
2022/09/04 10:24:34 found stls heart v3.stl
2022/09/04 10:24:34 found stls heart.stl
2022/09/04 10:24:34 found stls smallheart_supportRequired_15x15mm.stl
2022/09/04 10:24:34 found stls smallheart_supportRequired_17x17mm.stl
2022/09/04 10:24:34 found stls smallheart_supportRequired_19x19mm.stl
2022/09/04 10:24:34 found stls smallheart_supportRequired_25x25mm.stl
2022/09/04 10:24:34 testdata/Cenas/.project.stlib
2022/09/04 10:24:34 testdata/Cenas/heart v3.stl
2022/09/04 10:24:34 testdata/Cenas/heart.stl
2022/09/04 10:24:34 testdata/Cenas/smallheart_supportRequired_15x15mm.stl
2022/09/04 10:24:34 testdata/Cenas/smallheart_supportRequired_17x17mm.stl
2022/09/04 10:24:34 testdata/Cenas/smallheart_supportRequired_19x19mm.stl
2022/09/04 10:24:34 testdata/Cenas/smallheart_supportRequired_25x25mm.stl
2022/09/04 10:24:34 testdata/Coisas
2022/09/04 10:24:34 walking the path "testdata/Coisas"
2022/09/04 10:24:34 found project testdata/Coisas
2022/09/04 10:24:34 found image IMG_20200731_210313 (1).jpg
2022/09/04 10:24:34 found image IMG_20200731_210313.jpg
2022/09/04 10:24:34 found image IMG_20220619_091631 (1).jpg
2022/09/04 10:24:34 found image IMG_20220619_091631 (2).jpg
2022/09/04 10:24:34 found image IMG_20220619_091631.jpg
2022/09/04 10:24:34 found stls heart v3.stl
2022/09/04 10:24:34 found stls heart.stl
2022/09/04 10:24:34 found stls smallheart_supportRequired_15x15mm.stl
2022/09/04 10:24:34 found stls smallheart_supportRequired_17x17mm.stl
2022/09/04 10:24:34 found stls smallheart_supportRequired_19x19mm.stl
2022/09/04 10:24:34 found stls smallheart_supportRequired_25x25mm.stl
2022/09/04 10:24:34 testdata/Coisas/.project.stlib
2022/09/04 10:24:34 testdata/Coisas/IMG_20200731_210313 (1).jpg
2022/09/04 10:24:34 testdata/Coisas/IMG_20200731_210313.jpg
2022/09/04 10:24:34 testdata/Coisas/IMG_20220619_091631 (1).jpg
2022/09/04 10:24:34 testdata/Coisas/IMG_20220619_091631 (2).jpg
2022/09/04 10:24:34 testdata/Coisas/IMG_20220619_091631.jpg
2022/09/04 10:24:34 testdata/Coisas/heart v3.stl
2022/09/04 10:24:34 testdata/Coisas/heart.stl
2022/09/04 10:24:34 testdata/Coisas/smallheart_supportRequired_15x15mm.stl
2022/09/04 10:24:34 testdata/Coisas/smallheart_supportRequired_17x17mm.stl
2022/09/04 10:24:34 testdata/Coisas/smallheart_supportRequired_19x19mm.stl
2022/09/04 10:24:34 testdata/Coisas/smallheart_supportRequired_25x25mm.stl
2022/09/04 10:24:34 testdata/Keys
2022/09/04 10:24:34 walking the path "testdata/Keys"
2022/09/04 10:24:34 testdata/Keys/Caps
2022/09/04 10:24:34 walking the path "testdata/Keys/Caps"
2022/09/04 10:24:34 found project testdata/Keys/Caps
2022/09/04 10:24:34 found stls keycap-chutuhlu.stl
2022/09/04 10:24:34 found stls keycap-finger.stl
2022/09/04 10:24:34 found stls keycap-forbidden.stl
2022/09/04 10:24:34 found stls keycap-guy.stl
2022/09/04 10:24:34 found stls keycap-tux.stl
2022/09/04 10:24:34 testdata/Keys/Caps/.project.stlib
2022/09/04 10:24:34 testdata/Keys/Caps/keycap-chutuhlu.stl
2022/09/04 10:24:34 testdata/Keys/Caps/keycap-finger.stl
2022/09/04 10:24:34 testdata/Keys/Caps/keycap-forbidden.stl
2022/09/04 10:24:34 testdata/Keys/Caps/keycap-guy.stl
2022/09/04 10:24:34 testdata/Keys/Caps/keycap-tux.stl
2022/09/04 10:24:34 testdata/Potato
2022/09/04 10:24:34 walking the path "testdata/Potato"
2022/09/04 10:24:34 testdata/Potato/Weee
2022/09/04 10:24:34 walking the path "testdata/Potato/Weee"
2022/09/04 10:24:34 testdata/Potato/Weee/bla
2022/09/04 10:24:34 walking the path "testdata/Potato/Weee/bla"
2022/09/04 10:24:34 found project testdata/Potato/Weee/bla
2022/09/04 10:24:34 found stls Arm_l.stl
2022/09/04 10:24:34 error loading the model "Arm_l.stl": open testdata/21878f60-f620-43d7-94a7-eb18d09b1994/Arm_l.stl: no such file or directory
2022/09/04 10:24:34 found stls Arm_r.stl
2022/09/04 10:24:34 error loading the model "Arm_r.stl": open testdata/21878f60-f620-43d7-94a7-eb18d09b1994/Arm_r.stl: no such file or directory
2022/09/04 10:24:34 found stls Body_1.stl
2022/09/04 10:24:34 error loading the model "Body_1.stl": open testdata/21878f60-f620-43d7-94a7-eb18d09b1994/Body_1.stl: no such file or directory
2022/09/04 10:24:34 found stls Body_2.stl
2022/09/04 10:24:34 error loading the model "Body_2.stl": open testdata/21878f60-f620-43d7-94a7-eb18d09b1994/Body_2.stl: no such file or directory
2022/09/04 10:24:34 found generic file Drago.fabbproject
2022/09/04 10:24:34 error loading the generic file "Drago.fabbproject": open testdata/21878f60-f620-43d7-94a7-eb18d09b1994/Drago.fabbproject: no such file or directory
2022/09/04 10:24:34 found stls Dragon Arm_l correct scale.stl
2022/09/04 10:24:34 error loading the model "Dragon Arm_l correct scale.stl": open testdata/21878f60-f620-43d7-94a7-eb18d09b1994/Dragon Arm_l correct scale.stl: no such file or directory
2022/09/04 10:24:34 found stls Dragon Arm_r correct scale.stl
2022/09/04 10:24:34 error loading the model "Dragon Arm_r correct scale.stl": open testdata/21878f60-f620-43d7-94a7-eb18d09b1994/Dragon Arm_r correct scale.stl: no such file or directory
2022/09/04 10:24:34 found stls Dragon Body_1 better fit with wings.stl
2022/09/04 10:24:34 error loading the model "Dragon Body_1 better fit with wings.stl": open testdata/21878f60-f620-43d7-94a7-eb18d09b1994/Dragon Body_1 better fit with wings.stl: no such file or directory
2022/09/04 10:24:34 found generic file Dragon Tiefling.7z
2022/09/04 10:24:34 error loading the generic file "Dragon Tiefling.7z": open testdata/21878f60-f620-43d7-94a7-eb18d09b1994/Dragon Tiefling.7z: no such file or directory
2022/09/04 10:24:34 found stls Enchanted_sword.stl
2022/09/04 10:24:34 error loading the model "Enchanted_sword.stl": open testdata/21878f60-f620-43d7-94a7-eb18d09b1994/Enchanted_sword.stl: no such file or directory
2022/09/04 10:24:34 found generic file FIXED DRAGON PARTS.txt
2022/09/04 10:24:34 error loading the generic file "FIXED DRAGON PARTS.txt": open testdata/21878f60-f620-43d7-94a7-eb18d09b1994/FIXED DRAGON PARTS.txt: no such file or directory
2022/09/04 10:24:34 found generic file Female Tieflings.7z
2022/09/04 10:24:34 error loading the generic file "Female Tieflings.7z": open testdata/21878f60-f620-43d7-94a7-eb18d09b1994/Female Tieflings.7z: no such file or directory
2022/09/04 10:24:34 found image Ghamak Fantasy September2019 Tieflings.jpg
2022/09/04 10:24:34 error loading the image "Ghamak Fantasy September2019 Tieflings.jpg": open testdata/21878f60-f620-43d7-94a7-eb18d09b1994/Ghamak Fantasy September2019 Tieflings.jpg: no such file or directory
2022/09/04 10:24:34 found stls Hand_right.stl
2022/09/04 10:24:34 error loading the model "Hand_right.stl": open testdata/21878f60-f620-43d7-94a7-eb18d09b1994/Hand_right.stl: no such file or directory
2022/09/04 10:24:34 found stls Head.stl
2022/09/04 10:24:34 error loading the model "Head.stl": open testdata/21878f60-f620-43d7-94a7-eb18d09b1994/Head.stl: no such file or directory
2022/09/04 10:24:34 found stls Left_hand.stl
2022/09/04 10:24:34 error loading the model "Left_hand.stl": open testdata/21878f60-f620-43d7-94a7-eb18d09b1994/Left_hand.stl: no such file or directory
2022/09/04 10:24:34 found generic file Male Tieflings.7z
2022/09/04 10:24:34 error loading the generic file "Male Tieflings.7z": open testdata/21878f60-f620-43d7-94a7-eb18d09b1994/Male Tieflings.7z: no such file or directory
2022/09/04 10:24:34 found stls Ninja_sword_1.stl
2022/09/04 10:24:34 error loading the model "Ninja_sword_1.stl": open testdata/21878f60-f620-43d7-94a7-eb18d09b1994/Ninja_sword_1.stl: no such file or directory
2022/09/04 10:24:34 found stls Ninja_sword_2.stl
2022/09/04 10:24:34 error loading the model "Ninja_sword_2.stl": open testdata/21878f60-f620-43d7-94a7-eb18d09b1994/Ninja_sword_2.stl: no such file or directory
2022/09/04 10:24:34 found stls Pointing_finger.stl
2022/09/04 10:24:34 error loading the model "Pointing_finger.stl": open testdata/21878f60-f620-43d7-94a7-eb18d09b1994/Pointing_finger.stl: no such file or directory
2022/09/04 10:24:34 found stls Pole_hand.stl
2022/09/04 10:24:34 error loading the model "Pole_hand.stl": open testdata/21878f60-f620-43d7-94a7-eb18d09b1994/Pole_hand.stl: no such file or directory
2022/09/04 10:24:34 found generic file Read Me(1).txt
2022/09/04 10:24:34 error loading the generic file "Read Me(1).txt": open testdata/21878f60-f620-43d7-94a7-eb18d09b1994/Read Me(1).txt: no such file or directory
2022/09/04 10:24:34 found stls Rider.stl
2022/09/04 10:24:34 error loading the model "Rider.stl": open testdata/21878f60-f620-43d7-94a7-eb18d09b1994/Rider.stl: no such file or directory
2022/09/04 10:24:34 found stls Rider_tail.stl
2022/09/04 10:24:34 error loading the model "Rider_tail.stl": open testdata/21878f60-f620-43d7-94a7-eb18d09b1994/Rider_tail.stl: no such file or directory
2022/09/04 10:24:34 found stls Right_hand.stl
2022/09/04 10:24:34 error loading the model "Right_hand.stl": open testdata/21878f60-f620-43d7-94a7-eb18d09b1994/Right_hand.stl: no such file or directory
2022/09/04 10:24:34 found stls Shor_ash_sword.stl
2022/09/04 10:24:34 error loading the model "Shor_ash_sword.stl": open testdata/21878f60-f620-43d7-94a7-eb18d09b1994/Shor_ash_sword.stl: no such file or directory
2022/09/04 10:24:34 found stls Skulls_hand.stl
2022/09/04 10:24:34 error loading the model "Skulls_hand.stl": open testdata/21878f60-f620-43d7-94a7-eb18d09b1994/Skulls_hand.stl: no such file or directory
2022/09/04 10:24:34 found stls Tail.stl
2022/09/04 10:24:34 error loading the model "Tail.stl": open testdata/21878f60-f620-43d7-94a7-eb18d09b1994/Tail.stl: no such file or directory
2022/09/04 10:24:34 found stls Tief_Female_rogue_tail.stl
2022/09/04 10:24:34 error loading the model "Tief_Female_rogue_tail.stl": open testdata/21878f60-f620-43d7-94a7-eb18d09b1994/Tief_Female_rogue_tail.stl: no such file or directory
2022/09/04 10:24:34 found stls Tief_ash_blade.stl
2022/09/04 10:24:34 error loading the model "Tief_ash_blade.stl": open testdata/21878f60-f620-43d7-94a7-eb18d09b1994/Tief_ash_blade.stl: no such file or directory
2022/09/04 10:24:34 found stls Tief_axe.stl
2022/09/04 10:24:34 error loading the model "Tief_axe.stl": open testdata/21878f60-f620-43d7-94a7-eb18d09b1994/Tief_axe.stl: no such file or directory
2022/09/04 10:24:34 found stls Tief_female_rogue.stl
2022/09/04 10:24:34 error loading the model "Tief_female_rogue.stl": open testdata/21878f60-f620-43d7-94a7-eb18d09b1994/Tief_female_rogue.stl: no such file or directory
2022/09/04 10:24:34 found stls Tief_female_sword_1.stl
2022/09/04 10:24:34 error loading the model "Tief_female_sword_1.stl": open testdata/21878f60-f620-43d7-94a7-eb18d09b1994/Tief_female_sword_1.stl: no such file or directory
2022/09/04 10:24:34 found stls Tief_female_sword_2.stl
2022/09/04 10:24:34 error loading the model "Tief_female_sword_2.stl": open testdata/21878f60-f620-43d7-94a7-eb18d09b1994/Tief_female_sword_2.stl: no such file or directory
2022/09/04 10:24:34 found stls Tief_female_sword_3.stl
2022/09/04 10:24:34 error loading the model "Tief_female_sword_3.stl": open testdata/21878f60-f620-43d7-94a7-eb18d09b1994/Tief_female_sword_3.stl: no such file or directory
2022/09/04 10:24:34 found stls Tief_fighter_male.stl
2022/09/04 10:24:34 error loading the model "Tief_fighter_male.stl": open testdata/21878f60-f620-43d7-94a7-eb18d09b1994/Tief_fighter_male.stl: no such file or directory
2022/09/04 10:24:34 found stls Tief_fighter_male_tail.stl
2022/09/04 10:24:34 error loading the model "Tief_fighter_male_tail.stl": open testdata/21878f60-f620-43d7-94a7-eb18d09b1994/Tief_fighter_male_tail.stl: no such file or directory
2022/09/04 10:24:34 found stls Tief_male_tail.stl
2022/09/04 10:24:34 error loading the model "Tief_male_tail.stl": open testdata/21878f60-f620-43d7-94a7-eb18d09b1994/Tief_male_tail.stl: no such file or directory
2022/09/04 10:24:34 found stls Tief_stick_1.stl
2022/09/04 10:24:34 error loading the model "Tief_stick_1.stl": open testdata/21878f60-f620-43d7-94a7-eb18d09b1994/Tief_stick_1.stl: no such file or directory
2022/09/04 10:24:34 found stls Tief_warlock_female_tail.stl
2022/09/04 10:24:34 error loading the model "Tief_warlock_female_tail.stl": open testdata/21878f60-f620-43d7-94a7-eb18d09b1994/Tief_warlock_female_tail.stl: no such file or directory
2022/09/04 10:24:34 found stls Tief_warlock_sorc_female.stl
2022/09/04 10:24:34 error loading the model "Tief_warlock_sorc_female.stl": open testdata/21878f60-f620-43d7-94a7-eb18d09b1994/Tief_warlock_sorc_female.stl: no such file or directory
2022/09/04 10:24:34 found stls Tiefli_male_warlock_wizard.stl
2022/09/04 10:24:34 error loading the model "Tiefli_male_warlock_wizard.stl": open testdata/21878f60-f620-43d7-94a7-eb18d09b1994/Tiefli_male_warlock_wizard.stl: no such file or directory
2022/09/04 10:24:34 found stls Tiefling_female_FIGHTER1.stl
2022/09/04 10:24:34 error loading the model "Tiefling_female_FIGHTER1.stl": open testdata/21878f60-f620-43d7-94a7-eb18d09b1994/Tiefling_female_FIGHTER1.stl: no such file or directory
2022/09/04 10:24:34 found stls Tiefling_female_FIGHTER_tail.stl
2022/09/04 10:24:34 error loading the model "Tiefling_female_FIGHTER_tail.stl": open testdata/21878f60-f620-43d7-94a7-eb18d09b1994/Tiefling_female_FIGHTER_tail.stl: no such file or directory
2022/09/04 10:24:34 found stls Tiefling_male_rogue.stl
2022/09/04 10:24:34 error loading the model "Tiefling_male_rogue.stl": open testdata/21878f60-f620-43d7-94a7-eb18d09b1994/Tiefling_male_rogue.stl: no such file or directory
2022/09/04 10:24:34 found generic file Weapons with Hand.7z
2022/09/04 10:24:34 error loading the generic file "Weapons with Hand.7z": open testdata/21878f60-f620-43d7-94a7-eb18d09b1994/Weapons with Hand.7z: no such file or directory
2022/09/04 10:24:34 found stls Wing_1.stl
2022/09/04 10:24:34 error loading the model "Wing_1.stl": open testdata/21878f60-f620-43d7-94a7-eb18d09b1994/Wing_1.stl: no such file or directory
2022/09/04 10:24:34 found stls Wing_2.stl
2022/09/04 10:24:34 error loading the model "Wing_2.stl": open testdata/21878f60-f620-43d7-94a7-eb18d09b1994/Wing_2.stl: no such file or directory
2022/09/04 10:24:34 open testdata/21878f60-f620-43d7-94a7-eb18d09b1994/.project.stlib: no such file or directory
2022/09/04 10:24:34 invalid argument
2022/09/04 10:24:34 invalid argument
2022/09/04 10:24:34 error persisting the project "testdata/Potato/Weee/bla": open testdata/21878f60-f620-43d7-94a7-eb18d09b1994/.project.stlib: no such file or directory
2022/09/04 10:24:34 Starting 10 render workers
2022/09/04 10:25:53 ./testdata
2022/09/04 10:25:53 walking the path "./testdata"
2022/09/04 10:25:53 testdata/.gitkeep
2022/09/04 10:25:53 testdata/Cenas
2022/09/04 10:25:53 walking the path "testdata/Cenas"
2022/09/04 10:25:53 found project testdata/Cenas
2022/09/04 10:25:53 found stls heart v3.stl
2022/09/04 10:25:53 found stls heart.stl
2022/09/04 10:25:53 found stls smallheart_supportRequired_15x15mm.stl
2022/09/04 10:25:53 found stls smallheart_supportRequired_17x17mm.stl
2022/09/04 10:25:53 found stls smallheart_supportRequired_19x19mm.stl
2022/09/04 10:25:53 found stls smallheart_supportRequired_25x25mm.stl
2022/09/04 10:25:53 testdata/Cenas/.project.stlib
2022/09/04 10:25:53 testdata/Cenas/heart v3.stl
2022/09/04 10:25:53 testdata/Cenas/heart.stl
2022/09/04 10:25:53 testdata/Cenas/smallheart_supportRequired_15x15mm.stl
2022/09/04 10:25:53 testdata/Cenas/smallheart_supportRequired_17x17mm.stl
2022/09/04 10:25:53 testdata/Cenas/smallheart_supportRequired_19x19mm.stl
2022/09/04 10:25:53 testdata/Cenas/smallheart_supportRequired_25x25mm.stl
2022/09/04 10:25:53 testdata/Coisas
2022/09/04 10:25:53 walking the path "testdata/Coisas"
2022/09/04 10:25:53 found project testdata/Coisas
2022/09/04 10:25:53 found image IMG_20200731_210313 (1).jpg
2022/09/04 10:25:53 found image IMG_20200731_210313.jpg
2022/09/04 10:25:53 found image IMG_20220619_091631 (1).jpg
2022/09/04 10:25:53 found image IMG_20220619_091631 (2).jpg
2022/09/04 10:25:53 found image IMG_20220619_091631.jpg
2022/09/04 10:25:53 found stls heart v3.stl
2022/09/04 10:25:53 found stls heart.stl
2022/09/04 10:25:53 found stls smallheart_supportRequired_15x15mm.stl
2022/09/04 10:25:53 found stls smallheart_supportRequired_17x17mm.stl
2022/09/04 10:25:53 found stls smallheart_supportRequired_19x19mm.stl
2022/09/04 10:25:53 found stls smallheart_supportRequired_25x25mm.stl
2022/09/04 10:25:53 testdata/Coisas/.project.stlib
2022/09/04 10:25:53 testdata/Coisas/IMG_20200731_210313 (1).jpg
2022/09/04 10:25:53 testdata/Coisas/IMG_20200731_210313.jpg
2022/09/04 10:25:53 testdata/Coisas/IMG_20220619_091631 (1).jpg
2022/09/04 10:25:53 testdata/Coisas/IMG_20220619_091631 (2).jpg
2022/09/04 10:25:53 testdata/Coisas/IMG_20220619_091631.jpg
2022/09/04 10:25:53 testdata/Coisas/heart v3.stl
2022/09/04 10:25:53 testdata/Coisas/heart.stl
2022/09/04 10:25:53 testdata/Coisas/smallheart_supportRequired_15x15mm.stl
2022/09/04 10:25:53 testdata/Coisas/smallheart_supportRequired_17x17mm.stl
2022/09/04 10:25:53 testdata/Coisas/smallheart_supportRequired_19x19mm.stl
2022/09/04 10:25:53 testdata/Coisas/smallheart_supportRequired_25x25mm.stl
2022/09/04 10:25:53 testdata/Keys
2022/09/04 10:25:53 walking the path "testdata/Keys"
2022/09/04 10:25:53 testdata/Keys/Caps
2022/09/04 10:25:53 walking the path "testdata/Keys/Caps"
2022/09/04 10:25:53 found project testdata/Keys/Caps
2022/09/04 10:25:53 found stls keycap-chutuhlu.stl
2022/09/04 10:25:53 found stls keycap-finger.stl
2022/09/04 10:25:53 found stls keycap-forbidden.stl
2022/09/04 10:25:53 found stls keycap-guy.stl
2022/09/04 10:25:53 found stls keycap-tux.stl
2022/09/04 10:25:53 testdata/Keys/Caps/.project.stlib
2022/09/04 10:25:53 testdata/Keys/Caps/keycap-chutuhlu.stl
2022/09/04 10:25:53 testdata/Keys/Caps/keycap-finger.stl
2022/09/04 10:25:53 testdata/Keys/Caps/keycap-forbidden.stl
2022/09/04 10:25:53 testdata/Keys/Caps/keycap-guy.stl
2022/09/04 10:25:53 testdata/Keys/Caps/keycap-tux.stl
2022/09/04 10:25:53 testdata/Potato
2022/09/04 10:25:53 walking the path "testdata/Potato"
2022/09/04 10:25:53 testdata/Potato/Weee
2022/09/04 10:25:53 walking the path "testdata/Potato/Weee"
2022/09/04 10:25:53 testdata/Potato/Weee/bla
2022/09/04 10:25:53 walking the path "testdata/Potato/Weee/bla"
2022/09/04 10:25:53 found project testdata/Potato/Weee/bla
2022/09/04 10:25:53 found stls Arm_l.stl
2022/09/04 10:25:53 error loading the model "Arm_l.stl": open testdata/21878f60-f620-43d7-94a7-eb18d09b1994/Arm_l.stl: no such file or directory
2022/09/04 10:25:53 found stls Arm_r.stl
2022/09/04 10:25:53 error loading the model "Arm_r.stl": open testdata/21878f60-f620-43d7-94a7-eb18d09b1994/Arm_r.stl: no such file or directory
2022/09/04 10:25:53 found stls Body_1.stl
2022/09/04 10:25:53 error loading the model "Body_1.stl": open testdata/21878f60-f620-43d7-94a7-eb18d09b1994/Body_1.stl: no such file or directory
2022/09/04 10:25:53 found stls Body_2.stl
2022/09/04 10:25:53 error loading the model "Body_2.stl": open testdata/21878f60-f620-43d7-94a7-eb18d09b1994/Body_2.stl: no such file or directory
2022/09/04 10:25:53 found generic file Drago.fabbproject
2022/09/04 10:25:53 error loading the generic file "Drago.fabbproject": open testdata/21878f60-f620-43d7-94a7-eb18d09b1994/Drago.fabbproject: no such file or directory
2022/09/04 10:25:53 found stls Dragon Arm_l correct scale.stl
2022/09/04 10:25:53 error loading the model "Dragon Arm_l correct scale.stl": open testdata/21878f60-f620-43d7-94a7-eb18d09b1994/Dragon Arm_l correct scale.stl: no such file or directory
2022/09/04 10:25:53 found stls Dragon Arm_r correct scale.stl
2022/09/04 10:25:53 error loading the model "Dragon Arm_r correct scale.stl": open testdata/21878f60-f620-43d7-94a7-eb18d09b1994/Dragon Arm_r correct scale.stl: no such file or directory
2022/09/04 10:25:53 found stls Dragon Body_1 better fit with wings.stl
2022/09/04 10:25:53 error loading the model "Dragon Body_1 better fit with wings.stl": open testdata/21878f60-f620-43d7-94a7-eb18d09b1994/Dragon Body_1 better fit with wings.stl: no such file or directory
2022/09/04 10:25:53 found generic file Dragon Tiefling.7z
2022/09/04 10:25:53 error loading the generic file "Dragon Tiefling.7z": open testdata/21878f60-f620-43d7-94a7-eb18d09b1994/Dragon Tiefling.7z: no such file or directory
2022/09/04 10:25:53 found stls Enchanted_sword.stl
2022/09/04 10:25:53 error loading the model "Enchanted_sword.stl": open testdata/21878f60-f620-43d7-94a7-eb18d09b1994/Enchanted_sword.stl: no such file or directory
2022/09/04 10:25:53 found generic file FIXED DRAGON PARTS.txt
2022/09/04 10:25:53 error loading the generic file "FIXED DRAGON PARTS.txt": open testdata/21878f60-f620-43d7-94a7-eb18d09b1994/FIXED DRAGON PARTS.txt: no such file or directory
2022/09/04 10:25:53 found generic file Female Tieflings.7z
2022/09/04 10:25:53 error loading the generic file "Female Tieflings.7z": open testdata/21878f60-f620-43d7-94a7-eb18d09b1994/Female Tieflings.7z: no such file or directory
2022/09/04 10:25:53 found image Ghamak Fantasy September2019 Tieflings.jpg
2022/09/04 10:25:53 error loading the image "Ghamak Fantasy September2019 Tieflings.jpg": open testdata/21878f60-f620-43d7-94a7-eb18d09b1994/Ghamak Fantasy September2019 Tieflings.jpg: no such file or directory
2022/09/04 10:25:53 found stls Hand_right.stl
2022/09/04 10:25:53 error loading the model "Hand_right.stl": open testdata/21878f60-f620-43d7-94a7-eb18d09b1994/Hand_right.stl: no such file or directory
2022/09/04 10:25:53 found stls Head.stl
2022/09/04 10:25:53 error loading the model "Head.stl": open testdata/21878f60-f620-43d7-94a7-eb18d09b1994/Head.stl: no such file or directory
2022/09/04 10:25:53 found stls Left_hand.stl
2022/09/04 10:25:53 error loading the model "Left_hand.stl": open testdata/21878f60-f620-43d7-94a7-eb18d09b1994/Left_hand.stl: no such file or directory
2022/09/04 10:25:53 found generic file Male Tieflings.7z
2022/09/04 10:25:53 error loading the generic file "Male Tieflings.7z": open testdata/21878f60-f620-43d7-94a7-eb18d09b1994/Male Tieflings.7z: no such file or directory
2022/09/04 10:25:53 found stls Ninja_sword_1.stl
2022/09/04 10:25:53 error loading the model "Ninja_sword_1.stl": open testdata/21878f60-f620-43d7-94a7-eb18d09b1994/Ninja_sword_1.stl: no such file or directory
2022/09/04 10:25:53 found stls Ninja_sword_2.stl
2022/09/04 10:25:53 error loading the model "Ninja_sword_2.stl": open testdata/21878f60-f620-43d7-94a7-eb18d09b1994/Ninja_sword_2.stl: no such file or directory
2022/09/04 10:25:53 found stls Pointing_finger.stl
2022/09/04 10:25:53 error loading the model "Pointing_finger.stl": open testdata/21878f60-f620-43d7-94a7-eb18d09b1994/Pointing_finger.stl: no such file or directory
2022/09/04 10:25:53 found stls Pole_hand.stl
2022/09/04 10:25:53 error loading the model "Pole_hand.stl": open testdata/21878f60-f620-43d7-94a7-eb18d09b1994/Pole_hand.stl: no such file or directory
2022/09/04 10:25:53 found generic file Read Me(1).txt
2022/09/04 10:25:53 error loading the generic file "Read Me(1).txt": open testdata/21878f60-f620-43d7-94a7-eb18d09b1994/Read Me(1).txt: no such file or directory
2022/09/04 10:25:53 found stls Rider.stl
2022/09/04 10:25:53 error loading the model "Rider.stl": open testdata/21878f60-f620-43d7-94a7-eb18d09b1994/Rider.stl: no such file or directory
2022/09/04 10:25:53 found stls Rider_tail.stl
2022/09/04 10:25:53 error loading the model "Rider_tail.stl": open testdata/21878f60-f620-43d7-94a7-eb18d09b1994/Rider_tail.stl: no such file or directory
2022/09/04 10:25:53 found stls Right_hand.stl
2022/09/04 10:25:53 error loading the model "Right_hand.stl": open testdata/21878f60-f620-43d7-94a7-eb18d09b1994/Right_hand.stl: no such file or directory
2022/09/04 10:25:53 found stls Shor_ash_sword.stl
2022/09/04 10:25:53 error loading the model "Shor_ash_sword.stl": open testdata/21878f60-f620-43d7-94a7-eb18d09b1994/Shor_ash_sword.stl: no such file or directory
2022/09/04 10:25:53 found stls Skulls_hand.stl
2022/09/04 10:25:53 error loading the model "Skulls_hand.stl": open testdata/21878f60-f620-43d7-94a7-eb18d09b1994/Skulls_hand.stl: no such file or directory
2022/09/04 10:25:53 found stls Tail.stl
2022/09/04 10:25:53 error loading the model "Tail.stl": open testdata/21878f60-f620-43d7-94a7-eb18d09b1994/Tail.stl: no such file or directory
2022/09/04 10:25:53 found stls Tief_Female_rogue_tail.stl
2022/09/04 10:25:53 error loading the model "Tief_Female_rogue_tail.stl": open testdata/21878f60-f620-43d7-94a7-eb18d09b1994/Tief_Female_rogue_tail.stl: no such file or directory
2022/09/04 10:25:53 found stls Tief_ash_blade.stl
2022/09/04 10:25:53 error loading the model "Tief_ash_blade.stl": open testdata/21878f60-f620-43d7-94a7-eb18d09b1994/Tief_ash_blade.stl: no such file or directory
2022/09/04 10:25:53 found stls Tief_axe.stl
2022/09/04 10:25:53 error loading the model "Tief_axe.stl": open testdata/21878f60-f620-43d7-94a7-eb18d09b1994/Tief_axe.stl: no such file or directory
2022/09/04 10:25:53 found stls Tief_female_rogue.stl
2022/09/04 10:25:53 error loading the model "Tief_female_rogue.stl": open testdata/21878f60-f620-43d7-94a7-eb18d09b1994/Tief_female_rogue.stl: no such file or directory
2022/09/04 10:25:53 found stls Tief_female_sword_1.stl
2022/09/04 10:25:53 error loading the model "Tief_female_sword_1.stl": open testdata/21878f60-f620-43d7-94a7-eb18d09b1994/Tief_female_sword_1.stl: no such file or directory
2022/09/04 10:25:53 found stls Tief_female_sword_2.stl
2022/09/04 10:25:53 error loading the model "Tief_female_sword_2.stl": open testdata/21878f60-f620-43d7-94a7-eb18d09b1994/Tief_female_sword_2.stl: no such file or directory
2022/09/04 10:25:53 found stls Tief_female_sword_3.stl
2022/09/04 10:25:53 error loading the model "Tief_female_sword_3.stl": open testdata/21878f60-f620-43d7-94a7-eb18d09b1994/Tief_female_sword_3.stl: no such file or directory
2022/09/04 10:25:53 found stls Tief_fighter_male.stl
2022/09/04 10:25:53 error loading the model "Tief_fighter_male.stl": open testdata/21878f60-f620-43d7-94a7-eb18d09b1994/Tief_fighter_male.stl: no such file or directory
2022/09/04 10:25:53 found stls Tief_fighter_male_tail.stl
2022/09/04 10:25:53 error loading the model "Tief_fighter_male_tail.stl": open testdata/21878f60-f620-43d7-94a7-eb18d09b1994/Tief_fighter_male_tail.stl: no such file or directory
2022/09/04 10:25:53 found stls Tief_male_tail.stl
2022/09/04 10:25:53 error loading the model "Tief_male_tail.stl": open testdata/21878f60-f620-43d7-94a7-eb18d09b1994/Tief_male_tail.stl: no such file or directory
2022/09/04 10:25:53 found stls Tief_stick_1.stl
2022/09/04 10:25:53 error loading the model "Tief_stick_1.stl": open testdata/21878f60-f620-43d7-94a7-eb18d09b1994/Tief_stick_1.stl: no such file or directory
2022/09/04 10:25:53 found stls Tief_warlock_female_tail.stl
2022/09/04 10:25:53 error loading the model "Tief_warlock_female_tail.stl": open testdata/21878f60-f620-43d7-94a7-eb18d09b1994/Tief_warlock_female_tail.stl: no such file or directory
2022/09/04 10:25:53 found stls Tief_warlock_sorc_female.stl
2022/09/04 10:25:53 error loading the model "Tief_warlock_sorc_female.stl": open testdata/21878f60-f620-43d7-94a7-eb18d09b1994/Tief_warlock_sorc_female.stl: no such file or directory
2022/09/04 10:25:53 found stls Tiefli_male_warlock_wizard.stl
2022/09/04 10:25:53 error loading the model "Tiefli_male_warlock_wizard.stl": open testdata/21878f60-f620-43d7-94a7-eb18d09b1994/Tiefli_male_warlock_wizard.stl: no such file or directory
2022/09/04 10:25:53 found stls Tiefling_female_FIGHTER1.stl
2022/09/04 10:25:53 error loading the model "Tiefling_female_FIGHTER1.stl": open testdata/21878f60-f620-43d7-94a7-eb18d09b1994/Tiefling_female_FIGHTER1.stl: no such file or directory
2022/09/04 10:25:53 found stls Tiefling_female_FIGHTER_tail.stl
2022/09/04 10:25:53 error loading the model "Tiefling_female_FIGHTER_tail.stl": open testdata/21878f60-f620-43d7-94a7-eb18d09b1994/Tiefling_female_FIGHTER_tail.stl: no such file or directory
2022/09/04 10:25:53 found stls Tiefling_male_rogue.stl
2022/09/04 10:25:53 error loading the model "Tiefling_male_rogue.stl": open testdata/21878f60-f620-43d7-94a7-eb18d09b1994/Tiefling_male_rogue.stl: no such file or directory
2022/09/04 10:25:53 found generic file Weapons with Hand.7z
2022/09/04 10:25:53 error loading the generic file "Weapons with Hand.7z": open testdata/21878f60-f620-43d7-94a7-eb18d09b1994/Weapons with Hand.7z: no such file or directory
2022/09/04 10:25:53 found stls Wing_1.stl
2022/09/04 10:25:53 error loading the model "Wing_1.stl": open testdata/21878f60-f620-43d7-94a7-eb18d09b1994/Wing_1.stl: no such file or directory
2022/09/04 10:25:53 found stls Wing_2.stl
2022/09/04 10:25:53 error loading the model "Wing_2.stl": open testdata/21878f60-f620-43d7-94a7-eb18d09b1994/Wing_2.stl: no such file or directory
2022/09/04 10:25:53 open testdata/21878f60-f620-43d7-94a7-eb18d09b1994/.project.stlib: no such file or directory
2022/09/04 10:25:53 invalid argument
2022/09/04 10:25:53 invalid argument
2022/09/04 10:25:53 error persisting the project "testdata/Potato/Weee/bla": open testdata/21878f60-f620-43d7-94a7-eb18d09b1994/.project.stlib: no such file or directory
2022/09/04 10:25:53 Starting 10 render workers
2022/09/04 10:29:51 ./testdata
2022/09/04 10:29:51 walking the path "./testdata"
2022/09/04 10:29:51 testdata/.gitkeep
2022/09/04 10:29:51 testdata/Cenas
2022/09/04 10:29:51 walking the path "testdata/Cenas"
2022/09/04 10:29:51 found project testdata/Cenas
2022/09/04 10:29:51 found stls heart v3.stl
2022/09/04 10:29:51 found stls heart.stl
2022/09/04 10:29:51 found stls smallheart_supportRequired_15x15mm.stl
2022/09/04 10:29:51 found stls smallheart_supportRequired_17x17mm.stl
2022/09/04 10:29:51 found stls smallheart_supportRequired_19x19mm.stl
2022/09/04 10:29:51 found stls smallheart_supportRequired_25x25mm.stl
2022/09/04 10:29:51 testdata/Cenas/.project.stlib
2022/09/04 10:29:51 testdata/Cenas/heart v3.stl
2022/09/04 10:29:51 testdata/Cenas/heart.stl
2022/09/04 10:29:51 testdata/Cenas/smallheart_supportRequired_15x15mm.stl
2022/09/04 10:29:51 testdata/Cenas/smallheart_supportRequired_17x17mm.stl
2022/09/04 10:29:51 testdata/Cenas/smallheart_supportRequired_19x19mm.stl
2022/09/04 10:29:51 testdata/Cenas/smallheart_supportRequired_25x25mm.stl
2022/09/04 10:29:51 testdata/Coisas
2022/09/04 10:29:51 walking the path "testdata/Coisas"
2022/09/04 10:29:51 found project testdata/Coisas
2022/09/04 10:29:51 found image IMG_20200731_210313 (1).jpg
2022/09/04 10:29:51 found image IMG_20200731_210313.jpg
2022/09/04 10:29:51 found image IMG_20220619_091631 (1).jpg
2022/09/04 10:29:51 found image IMG_20220619_091631 (2).jpg
2022/09/04 10:29:51 found image IMG_20220619_091631.jpg
2022/09/04 10:29:51 found stls heart v3.stl
2022/09/04 10:29:51 found stls heart.stl
2022/09/04 10:29:51 found stls smallheart_supportRequired_15x15mm.stl
2022/09/04 10:29:51 found stls smallheart_supportRequired_17x17mm.stl
2022/09/04 10:29:51 found stls smallheart_supportRequired_19x19mm.stl
2022/09/04 10:29:51 found stls smallheart_supportRequired_25x25mm.stl
2022/09/04 10:29:51 testdata/Coisas/.project.stlib
2022/09/04 10:29:51 testdata/Coisas/IMG_20200731_210313 (1).jpg
2022/09/04 10:29:51 testdata/Coisas/IMG_20200731_210313.jpg
2022/09/04 10:29:51 testdata/Coisas/IMG_20220619_091631 (1).jpg
2022/09/04 10:29:51 testdata/Coisas/IMG_20220619_091631 (2).jpg
2022/09/04 10:29:51 testdata/Coisas/IMG_20220619_091631.jpg
2022/09/04 10:29:51 testdata/Coisas/heart v3.stl
2022/09/04 10:29:51 testdata/Coisas/heart.stl
2022/09/04 10:29:51 testdata/Coisas/smallheart_supportRequired_15x15mm.stl
2022/09/04 10:29:51 testdata/Coisas/smallheart_supportRequired_17x17mm.stl
2022/09/04 10:29:51 testdata/Coisas/smallheart_supportRequired_19x19mm.stl
2022/09/04 10:29:51 testdata/Coisas/smallheart_supportRequired_25x25mm.stl
2022/09/04 10:29:51 testdata/Keys
2022/09/04 10:29:51 walking the path "testdata/Keys"
2022/09/04 10:29:51 testdata/Keys/Caps
2022/09/04 10:29:51 walking the path "testdata/Keys/Caps"
2022/09/04 10:29:51 found project testdata/Keys/Caps
2022/09/04 10:29:51 found stls keycap-chutuhlu.stl
2022/09/04 10:29:51 found stls keycap-finger.stl
2022/09/04 10:29:51 found stls keycap-forbidden.stl
2022/09/04 10:29:51 found stls keycap-guy.stl
2022/09/04 10:29:51 found stls keycap-tux.stl
2022/09/04 10:29:51 testdata/Keys/Caps/.project.stlib
2022/09/04 10:29:51 testdata/Keys/Caps/keycap-chutuhlu.stl
2022/09/04 10:29:51 testdata/Keys/Caps/keycap-finger.stl
2022/09/04 10:29:51 testdata/Keys/Caps/keycap-forbidden.stl
2022/09/04 10:29:51 testdata/Keys/Caps/keycap-guy.stl
2022/09/04 10:29:51 testdata/Keys/Caps/keycap-tux.stl
2022/09/04 10:29:51 testdata/Potato
2022/09/04 10:29:51 walking the path "testdata/Potato"
2022/09/04 10:29:51 testdata/Potato/Weee
2022/09/04 10:29:51 walking the path "testdata/Potato/Weee"
2022/09/04 10:29:51 testdata/benchy
2022/09/04 10:29:51 walking the path "testdata/benchy"
2022/09/04 10:29:51 found project testdata/benchy
2022/09/04 10:29:51 found stls 3DBenchy.stl
2022/09/04 10:29:51 found gcode 3DBenchy_0.2mm_PET_45m.gcode
2022/09/04 10:29:51 found gcode 3DBenchy_0.2mm_PLA_59m.gcode
2022/09/04 10:29:51 found image IMG_20200731_210313.jpg
2022/09/04 10:29:51 found image IMG_20220619_091631.jpg
2022/09/04 10:29:51 testdata/benchy/.project.stlib
2022/09/04 10:29:51 testdata/benchy/3DBenchy.stl
2022/09/04 10:29:51 testdata/benchy/3DBenchy_0.2mm_PET_45m.gcode
2022/09/04 10:29:51 testdata/benchy/3DBenchy_0.2mm_PET_45m.thumb.png
2022/09/04 10:29:51 testdata/benchy/3DBenchy_0.2mm_PLA_59m.gcode
2022/09/04 10:29:51 testdata/benchy/3DBenchy_0.2mm_PLA_59m.thumb.png
2022/09/04 10:29:51 testdata/benchy/IMG_20200731_210313.jpg
2022/09/04 10:29:51 testdata/benchy/IMG_20220619_091631.jpg
2022/09/04 10:29:51 testdata/bf3b8c73-e241-4cba-9716-875d34367348
2022/09/04 10:29:51 walking the path "testdata/bf3b8c73-e241-4cba-9716-875d34367348"
2022/09/04 10:29:51 found project testdata/bf3b8c73-e241-4cba-9716-875d34367348
2022/09/04 10:29:51 found stls stl-warlock-supported.stl
2022/09/04 10:29:51 found stls warlock.stl
2022/09/04 10:29:51 testdata/bf3b8c73-e241-4cba-9716-875d34367348/.project.stlib
2022/09/04 10:29:51 testdata/bf3b8c73-e241-4cba-9716-875d34367348/stl-warlock-supported.stl
2022/09/04 10:29:51 testdata/bf3b8c73-e241-4cba-9716-875d34367348/warlock.stl
2022/09/04 10:29:51 testdata/drill
2022/09/04 10:29:51 walking the path "testdata/drill"
2022/09/04 10:29:51 found project testdata/drill
2022/09/04 10:29:51 found stls Drill_Wall_Mount_001.stl
2022/09/04 10:29:51 testdata/drill/.project.stlib
2022/09/04 10:29:51 testdata/drill/Drill_Wall_Mount_001.stl
2022/09/04 10:29:51 testdata/fan
2022/09/04 10:29:51 walking the path "testdata/fan"
2022/09/04 10:29:51 found project testdata/fan
2022/09/04 10:29:51 found stls shroud_fan_cover.stl
2022/09/04 10:29:51 testdata/fan/.project.stlib
2022/09/04 10:29:51 testdata/fan/shroud_fan_cover.stl
2022/09/04 10:29:51 testdata/lich
2022/09/04 10:29:51 walking the path "testdata/lich"
2022/09/04 10:29:51 found project testdata/lich
2022/09/04 10:29:51 found stls lich-01-54mm.stl
2022/09/04 10:29:51 found stls lich-base-54mm.stl
2022/09/04 10:29:51 testdata/lich/.project.stlib
2022/09/04 10:29:51 testdata/lich/lich-01-54mm.stl
2022/09/04 10:29:51 testdata/lich/lich-base-54mm.stl
2022/09/04 10:29:51 {"042d180a-59c5-4f17-af6a-cb9a8e85b378":{"uuid":"042d180a-59c5-4f17-af6a-cb9a8e85b378","name":"Keys","path":"./testdata/Keys/Caps","external_link":"","tags":[],"default_image_path":"/models/render/b6f43275f8bd3a0c70731a4d2ebbc624316cfbd8","initialized":true},"2a6b3e90-3309-4092-a052-b43ecf82c9ff":{"uuid":"2a6b3e90-3309-4092-a052-b43ecf82c9ff","name":"asdasdasd","path":"./testdata/Coisas","external_link":"","tags":[],"default_image_path":"/models/render/b6e1d8bbbe990b970cbccaf1ad6a91552506cad6","initialized":true},"39586d8b-006d-4edc-936d-07c50b7ac53f":{"uuid":"39586d8b-006d-4edc-936d-07c50b7ac53f","name":"Lich","path":"testdata/lich","external_link":"","tags":["mini","lich"],"default_image_path":"/models/render/add4d5501bd84372397b5ce1f9e6bedf5964e787","initialized":true},"3b24cd51-a935-47ec-94d5-43d257655fc0":{"uuid":"3b24cd51-a935-47ec-94d5-43d257655fc0","name":"drill","path":"testdata/drill","external_link":"","tags":[],"default_image_path":"/models/render/ab3e01c36ca4d5c89af85841ff9f53c9bbe747f8","initialized":false},"5720f655-083a-4c9b-8ded-0e749dd5603e":{"uuid":"5720f655-083a-4c9b-8ded-0e749dd5603e","name":"bf3b8c73-e241-4cba-9716-875d34367348","path":"testdata/bf3b8c73-e241-4cba-9716-875d34367348","external_link":"","tags":[],"default_image_path":"/models/render/4aaca3c0ea7c7226194c8ebcb0b08f6891bb987b","initialized":false},"75b139a8-cd5b-4ad8-9b26-1631e1ab0652":{"uuid":"75b139a8-cd5b-4ad8-9b26-1631e1ab0652","name":"Cenas","path":"./testdata/Cenas","external_link":"","tags":[],"default_image_path":"/models/render/b6e1d8bbbe990b970cbccaf1ad6a91552506cad6","initialized":true},"b383d633-4f4c-48ed-947f-1fd981bb0b4a":{"uuid":"b383d633-4f4c-48ed-947f-1fd981bb0b4a","name":"benchy","path":"testdata/benchy","external_link":"https://www.thingiverse.com/thing:763622","tags":["test","benchy","boat"],"default_image_path":"/images/fe36d9088ec8b7afe7c57c6511bcb414ee9b434c","initialized":true},"f2c79bb4-07d4-488b-aca0-5719e8a00157":{"uuid":"f2c79bb4-07d4-488b-aca0-5719e8a00157","name":"fan","path":"./testdata/fan","external_link":"","tags":[],"default_image_path":"/models/render/6597aceebfdc7991a413ab8bacab00db847404e4","initialized":true}}
2022/09/04 10:29:51 Starting 10 render workers
2022/09/04 10:30:03 produced cache/c240f46ca3f38c6c8d61b6f4247898577231af18.png
2022/09/04 10:30:03 rendering cache/c240f46ca3f38c6c8d61b6f4247898577231af18.png
2022/09/04 10:30:03 <nil>
2022/09/04 10:30:03 rendered cache/c240f46ca3f38c6c8d61b6f4247898577231af18.png
2022/09/04 10:30:03 terminated cache/c240f46ca3f38c6c8d61b6f4247898577231af18.png
2022/09/05 15:41:55 Starting 5 render workers
2022/09/05 15:45:26 ./testdata
2022/09/05 15:45:26 walking the path "./testdata"
2022/09/05 15:45:26 found generic file .gitkeep
2022/09/05 15:45:26 testdata/.gitkeep
2022/09/05 15:45:26 testdata/benchy
2022/09/05 15:45:26 walking the path "testdata/benchy"
2022/09/05 15:45:26 found project benchy
2022/09/05 15:45:26 found generic file .project.stlib
2022/09/05 15:45:26 found stls 3DBenchy.stl
2022/09/05 15:45:26 found gcode 3DBenchy_0.2mm_PET_45m.gcode
2022/09/05 15:45:26 found image 3DBenchy_0.2mm_PET_45m.thumb.png
2022/09/05 15:45:26 found gcode 3DBenchy_0.2mm_PLA_59m.gcode
2022/09/05 15:45:26 found image 3DBenchy_0.2mm_PLA_59m.thumb.png
2022/09/05 15:45:26 found generic file 3DBenchy_Broschure_3DBenchy.com_.pdf
2022/09/05 15:45:26 found image IMG_20200731_210313.jpg
2022/09/05 15:45:26 found image IMG_20220619_091631.jpg
2022/09/05 15:45:26 testdata/benchy/.project.stlib
2022/09/05 15:45:26 testdata/benchy/3DBenchy.stl
2022/09/05 15:45:26 testdata/benchy/3DBenchy_0.2mm_PET_45m.gcode
2022/09/05 15:45:26 testdata/benchy/3DBenchy_0.2mm_PET_45m.thumb.png
2022/09/05 15:45:26 testdata/benchy/3DBenchy_0.2mm_PLA_59m.gcode
2022/09/05 15:45:26 testdata/benchy/3DBenchy_0.2mm_PLA_59m.thumb.png
2022/09/05 15:45:26 testdata/benchy/3DBenchy_Broschure_3DBenchy.com_.pdf
2022/09/05 15:45:26 testdata/benchy/IMG_20200731_210313.jpg
2022/09/05 15:45:26 testdata/benchy/IMG_20220619_091631.jpg
2022/09/05 15:45:26 testdata/drill
2022/09/05 15:45:26 walking the path "testdata/drill"
2022/09/05 15:45:26 found project drill
2022/09/05 15:45:26 found generic file .project.stlib
2022/09/05 15:45:26 found stls Drill_Wall_Mount_001.stl
2022/09/05 15:45:26 testdata/drill/.project.stlib
2022/09/05 15:45:26 testdata/drill/Drill_Wall_Mount_001.stl
2022/09/05 15:45:26 testdata/lich
2022/09/05 15:45:26 walking the path "testdata/lich"
2022/09/05 15:45:26 found project lich
2022/09/05 15:45:26 found generic file .project.stlib
2022/09/05 15:45:26 found stls lich-01-54mm.stl
2022/09/05 15:45:26 found stls lich-base-54mm.stl
2022/09/05 15:45:26 testdata/lich/.project.stlib
2022/09/05 15:45:26 testdata/lich/lich-01-54mm.stl
2022/09/05 15:45:26 testdata/lich/lich-base-54mm.stl
2022/09/05 15:45:26 {"3925e38f-7b29-4690-bd50-866302eb95fc":{"uuid":"3925e38f-7b29-4690-bd50-866302eb95fc","name":"lich","description":"","path":"lich","external_link":"","tags":[],"default_image_path":"/models/render/add4d5501bd84372397b5ce1f9e6bedf5964e787","initialized":true},"9300ff9a-2335-4f0f-9702-45710032460e":{"uuid":"9300ff9a-2335-4f0f-9702-45710032460e","name":"benchy","description":"","path":"benchy","external_link":"","tags":[],"default_image_path":"/images/fe36d9088ec8b7afe7c57c6511bcb414ee9b434c","initialized":true},"a983a021-6ac1-478a-9ba7-b37cf4e9d0f6":{"uuid":"a983a021-6ac1-478a-9ba7-b37cf4e9d0f6","name":"drill","description":"","path":"drill","external_link":"","tags":[],"default_image_path":"/models/render/ab3e01c36ca4d5c89af85841ff9f53c9bbe747f8","initialized":true}}
2022/09/05 15:45:26 Starting 10 render workers
2022/09/05 15:46:26 ./testdata
2022/09/05 15:46:26 walking the path "./testdata"
2022/09/05 15:46:26 found generic file .gitkeep
2022/09/05 15:46:26 testdata/.gitkeep
2022/09/05 15:46:26 testdata/benchy
2022/09/05 15:46:26 walking the path "testdata/benchy"
2022/09/05 15:46:26 found project benchy
2022/09/05 15:46:26 found generic file .project.stlib
2022/09/05 15:46:26 found stls 3DBenchy.stl
2022/09/05 15:46:27 found gcode 3DBenchy_0.2mm_PET_45m.gcode
2022/09/05 15:46:27 found image 3DBenchy_0.2mm_PET_45m.thumb.png
2022/09/05 15:46:27 found gcode 3DBenchy_0.2mm_PLA_59m.gcode
2022/09/05 15:46:27 found image 3DBenchy_0.2mm_PLA_59m.thumb.png
2022/09/05 15:46:27 found generic file 3DBenchy_Broschure_3DBenchy.com_.pdf
2022/09/05 15:46:27 found image IMG_20200731_210313.jpg
2022/09/05 15:46:27 found image IMG_20220619_091631.jpg
2022/09/05 15:46:27 testdata/benchy/.project.stlib
2022/09/05 15:46:27 testdata/benchy/3DBenchy.stl
2022/09/05 15:46:27 testdata/benchy/3DBenchy_0.2mm_PET_45m.gcode
2022/09/05 15:46:27 testdata/benchy/3DBenchy_0.2mm_PET_45m.thumb.png
2022/09/05 15:46:27 testdata/benchy/3DBenchy_0.2mm_PLA_59m.gcode
2022/09/05 15:46:27 testdata/benchy/3DBenchy_0.2mm_PLA_59m.thumb.png
2022/09/05 15:46:27 testdata/benchy/3DBenchy_Broschure_3DBenchy.com_.pdf
2022/09/05 15:46:27 testdata/benchy/IMG_20200731_210313.jpg
2022/09/05 15:46:27 testdata/benchy/IMG_20220619_091631.jpg
2022/09/05 15:46:27 testdata/drill
2022/09/05 15:46:27 walking the path "testdata/drill"
2022/09/05 15:46:27 found project drill
2022/09/05 15:46:27 found generic file .project.stlib
2022/09/05 15:46:27 found stls Drill_Wall_Mount_001.stl
2022/09/05 15:46:27 testdata/drill/.project.stlib
2022/09/05 15:46:27 testdata/drill/Drill_Wall_Mount_001.stl
2022/09/05 15:46:27 testdata/lich
2022/09/05 15:46:27 walking the path "testdata/lich"
2022/09/05 15:46:27 found project lich
2022/09/05 15:46:27 found generic file .project.stlib
2022/09/05 15:46:27 found stls lich-01-54mm.stl
2022/09/05 15:46:27 found stls lich-base-54mm.stl
2022/09/05 15:46:27 testdata/lich/.project.stlib
2022/09/05 15:46:27 testdata/lich/lich-01-54mm.stl
2022/09/05 15:46:27 testdata/lich/lich-base-54mm.stl
2022/09/05 15:46:27 {"3925e38f-7b29-4690-bd50-866302eb95fc":{"uuid":"3925e38f-7b29-4690-bd50-866302eb95fc","name":"lich","description":"","path":"lich","external_link":"","tags":[],"default_image_path":"/models/render/add4d5501bd84372397b5ce1f9e6bedf5964e787","initialized":true},"9300ff9a-2335-4f0f-9702-45710032460e":{"uuid":"9300ff9a-2335-4f0f-9702-45710032460e","name":"benchy","description":"","path":"benchy","external_link":"","tags":[],"default_image_path":"/images/fe36d9088ec8b7afe7c57c6511bcb414ee9b434c","initialized":true},"a983a021-6ac1-478a-9ba7-b37cf4e9d0f6":{"uuid":"a983a021-6ac1-478a-9ba7-b37cf4e9d0f6","name":"drill","description":"","path":"drill","external_link":"","tags":[],"default_image_path":"/models/render/ab3e01c36ca4d5c89af85841ff9f53c9bbe747f8","initialized":true}}
2022/09/05 15:46:27 Starting 10 render workers
